This file contains any messages produced by compilers while
running configure, to aid debugging if configure makes a mistake.

It was created by configure, which was
generated by GNU Autoconf 2.60a.  Invocation command line was

  $ ./configure --prefix=/home/haeleth/svn/ponscripter/extlib --disable-shared --disable-gtk-player --disable-opengl-player --disable-debug

## --------- ##
## Platform. ##
## --------- ##

hostname = Cynewulf
uname -m = i686
uname -r = 2.6.17-10-generic
uname -s = Linux
uname -v = #2 SMP Tue Dec 5 22:28:26 UTC 2006

/usr/bin/uname -p = unknown
/bin/uname -X     = unknown

/bin/arch              = i686
/usr/bin/arch -k       = unknown
/usr/convex/getsysinfo = unknown
/usr/bin/hostinfo      = unknown
/bin/machine           = unknown
/usr/bin/oslevel       = unknown
/bin/universe          = unknown

PATH: /home/haeleth/svn/ponscripter/extlib/bin
PATH: /usr/local/sbin
PATH: /usr/local/bin
PATH: /usr/sbin
PATH: /usr/bin
PATH: /sbin
PATH: /bin
PATH: /usr/bin/X11
PATH: /usr/games


## ----------- ##
## Core tests. ##
## ----------- ##

configure:2033: checking build system type
configure:2051: result: i686-pc-linux-gnu
configure:2073: checking host system type
configure:2088: result: i686-pc-linux-gnu
configure:2125: checking for a BSD-compatible install
configure:2181: result: /usr/bin/install -c
configure:2192: checking whether build environment is sane
configure:2235: result: yes
configure:2300: checking for gawk
configure:2330: result: no
configure:2300: checking for mawk
configure:2316: found /usr/bin/mawk
configure:2327: result: mawk
configure:2338: checking whether make sets $(MAKE)
configure:2359: result: yes
configure:2545: checking whether make sets $(MAKE)
configure:2566: result: yes
configure:2623: checking for gcc
configure:2639: found /usr/bin/gcc
configure:2650: result: gcc
configure:2888: checking for C compiler version
configure:2895: gcc --version >&5
gcc (GCC) 4.1.2 20060928 (prerelease) (Ubuntu 4.1.1-13ubuntu5)
Copyright (C) 2006 Free Software Foundation, Inc.
This is free software; see the source for copying conditions.  There is NO
warranty; not even for MERCHANTABILITY or FITNESS FOR A PARTICULAR PURPOSE.

configure:2898: $? = 0
configure:2905: gcc -v >&5
Using built-in specs.
Target: i486-linux-gnu
Configured with: ../src/configure -v --enable-languages=c,c++,fortran,objc,obj-c++,treelang --prefix=/usr --enable-shared --with-system-zlib --libexecdir=/usr/lib --without-included-gettext --enable-threads=posix --enable-nls --program-suffix=-4.1 --enable-__cxa_atexit --enable-clocale=gnu --enable-libstdcxx-debug --enable-mpfr --enable-checking=release i486-linux-gnu
Thread model: posix
gcc version 4.1.2 20060928 (prerelease) (Ubuntu 4.1.1-13ubuntu5)
configure:2908: $? = 0
configure:2915: gcc -V >&5
gcc: '-V' option must have argument
configure:2918: $? = 1
configure:2941: checking for C compiler default output file name
configure:2968: gcc -I/home/haeleth/svn/ponscripter/extlib/include  -I/home/haeleth/svn/ponscripter/extlib/include  -L/home/haeleth/svn/ponscripter/extlib/lib  conftest.c  >&5
configure:2971: $? = 0
configure:3009: result: a.out
configure:3026: checking whether the C compiler works
configure:3036: ./a.out
configure:3039: $? = 0
configure:3056: result: yes
configure:3063: checking whether we are cross compiling
configure:3065: result: no
configure:3068: checking for suffix of executables
configure:3075: gcc -o conftest -I/home/haeleth/svn/ponscripter/extlib/include  -I/home/haeleth/svn/ponscripter/extlib/include  -L/home/haeleth/svn/ponscripter/extlib/lib  conftest.c  >&5
configure:3078: $? = 0
configure:3102: result: 
configure:3108: checking for suffix of object files
configure:3134: gcc -c -I/home/haeleth/svn/ponscripter/extlib/include  -I/home/haeleth/svn/ponscripter/extlib/include  conftest.c >&5
configure:3137: $? = 0
configure:3160: result: o
configure:3164: checking whether we are using the GNU C compiler
configure:3193: gcc -c -I/home/haeleth/svn/ponscripter/extlib/include  -I/home/haeleth/svn/ponscripter/extlib/include  conftest.c >&5
configure:3199: $? = 0
configure:3206: test -z "$ac_c_werror_flag" || test ! -s conftest.err
configure:3209: $? = 0
configure:3216: test -s conftest.o
configure:3219: $? = 0
configure:3233: result: yes
configure:3238: checking whether gcc accepts -g
configure:3268: gcc -c -g -I/home/haeleth/svn/ponscripter/extlib/include  conftest.c >&5
configure:3274: $? = 0
configure:3281: test -z "$ac_c_werror_flag" || test ! -s conftest.err
configure:3284: $? = 0
configure:3291: test -s conftest.o
configure:3294: $? = 0
configure:3424: result: yes
configure:3441: checking for gcc option to accept ISO C89
configure:3515: gcc  -c -I/home/haeleth/svn/ponscripter/extlib/include  -I/home/haeleth/svn/ponscripter/extlib/include  conftest.c >&5
configure:3521: $? = 0
configure:3528: test -z "$ac_c_werror_flag" || test ! -s conftest.err
configure:3531: $? = 0
configure:3538: test -s conftest.o
configure:3541: $? = 0
configure:3561: result: none needed
configure:3590: checking for style of include used by make
configure:3618: result: GNU
configure:3646: checking dependency style of gcc
configure:3736: result: gcc3
configure:3811: checking for g++
configure:3827: found /usr/bin/g++
configure:3838: result: g++
configure:3869: checking for C++ compiler version
configure:3876: g++ --version >&5
g++ (GCC) 4.1.2 20060928 (prerelease) (Ubuntu 4.1.1-13ubuntu5)
Copyright (C) 2006 Free Software Foundation, Inc.
This is free software; see the source for copying conditions.  There is NO
warranty; not even for MERCHANTABILITY or FITNESS FOR A PARTICULAR PURPOSE.

configure:3879: $? = 0
configure:3886: g++ -v >&5
Using built-in specs.
Target: i486-linux-gnu
Configured with: ../src/configure -v --enable-languages=c,c++,fortran,objc,obj-c++,treelang --prefix=/usr --enable-shared --with-system-zlib --libexecdir=/usr/lib --without-included-gettext --enable-threads=posix --enable-nls --program-suffix=-4.1 --enable-__cxa_atexit --enable-clocale=gnu --enable-libstdcxx-debug --enable-mpfr --enable-checking=release i486-linux-gnu
Thread model: posix
gcc version 4.1.2 20060928 (prerelease) (Ubuntu 4.1.1-13ubuntu5)
configure:3889: $? = 0
configure:3896: g++ -V >&5
g++: '-V' option must have argument
configure:3899: $? = 1
configure:3902: checking whether we are using the GNU C++ compiler
configure:3931: g++ -c  -I/home/haeleth/svn/ponscripter/extlib/include  conftest.cpp >&5
configure:3937: $? = 0
configure:3944: test -z "$ac_cxx_werror_flag" || test ! -s conftest.err
configure:3947: $? = 0
configure:3954: test -s conftest.o
configure:3957: $? = 0
configure:3971: result: yes
configure:3976: checking whether g++ accepts -g
configure:4006: g++ -c -g -I/home/haeleth/svn/ponscripter/extlib/include  conftest.cpp >&5
configure:4012: $? = 0
configure:4019: test -z "$ac_cxx_werror_flag" || test ! -s conftest.err
configure:4022: $? = 0
configure:4029: test -s conftest.o
configure:4032: $? = 0
configure:4162: result: yes
configure:4187: checking dependency style of g++
configure:4277: result: gcc3
configure:4368: checking for a sed that does not truncate output
configure:4422: result: /bin/sed
configure:4425: checking for grep that handles long lines and -e
configure:4499: result: /bin/grep
configure:4504: checking for egrep
configure:4582: result: /bin/grep -E
configure:4598: checking for ld used by gcc
configure:4665: result: /usr/bin/ld
configure:4674: checking if the linker (/usr/bin/ld) is GNU ld
configure:4689: result: yes
configure:4694: checking for /usr/bin/ld option to reload object files
configure:4701: result: -r
configure:4719: checking for BSD-compatible nm
configure:4768: result: /usr/bin/nm -B
configure:4772: checking whether ln -s works
configure:4776: result: yes
configure:4783: checking how to recognise dependent libraries
configure:4961: result: pass_all
configure:5501: checking how to run the C preprocessor
configure:5541: gcc -E -I/home/haeleth/svn/ponscripter/extlib/include  conftest.c
configure:5547: $? = 0
configure:5585: gcc -E -I/home/haeleth/svn/ponscripter/extlib/include  conftest.c
conftest.c:10:28: error: ac_nonexistent.h: No such file or directory
configure:5591: $? = 1
configure: failed program was:
| /* confdefs.h.  */
| #define PACKAGE_NAME ""
| #define PACKAGE_TARNAME ""
| #define PACKAGE_VERSION ""
| #define PACKAGE_STRING ""
| #define PACKAGE_BUGREPORT ""
| #define PACKAGE "smpeg"
| #define VERSION "0.4.5"
| /* end confdefs.h.  */
| #include <ac_nonexistent.h>
configure:5631: result: gcc -E
configure:5660: gcc -E -I/home/haeleth/svn/ponscripter/extlib/include  conftest.c
configure:5666: $? = 0
configure:5704: gcc -E -I/home/haeleth/svn/ponscripter/extlib/include  conftest.c
conftest.c:10:28: error: ac_nonexistent.h: No such file or directory
configure:5710: $? = 1
configure: failed program was:
| /* confdefs.h.  */
| #define PACKAGE_NAME ""
| #define PACKAGE_TARNAME ""
| #define PACKAGE_VERSION ""
| #define PACKAGE_STRING ""
| #define PACKAGE_BUGREPORT ""
| #define PACKAGE "smpeg"
| #define VERSION "0.4.5"
| /* end confdefs.h.  */
| #include <ac_nonexistent.h>
configure:5755: checking for ANSI C header files
configure:5785: gcc -c -I/home/haeleth/svn/ponscripter/extlib/include  -I/home/haeleth/svn/ponscripter/extlib/include  conftest.c >&5
configure:5791: $? = 0
configure:5798: test -z "$ac_c_werror_flag" || test ! -s conftest.err
configure:5801: $? = 0
configure:5808: test -s conftest.o
configure:5811: $? = 0
configure:5907: gcc -o conftest -I/home/haeleth/svn/ponscripter/extlib/include  -I/home/haeleth/svn/ponscripter/extlib/include  -L/home/haeleth/svn/ponscripter/extlib/lib  conftest.c  >&5
configure:5910: $? = 0
configure:5916: ./conftest
configure:5919: $? = 0
configure:5936: result: yes
configure:5960: checking for sys/types.h
configure:5981: gcc -c -I/home/haeleth/svn/ponscripter/extlib/include  -I/home/haeleth/svn/ponscripter/extlib/include  conftest.c >&5
configure:5987: $? = 0
configure:5994: test -z "$ac_c_werror_flag" || test ! -s conftest.err
configure:5997: $? = 0
configure:6004: test -s conftest.o
configure:6007: $? = 0
configure:6020: result: yes
configure:5960: checking for sys/stat.h
configure:5981: gcc -c -I/home/haeleth/svn/ponscripter/extlib/include  -I/home/haeleth/svn/ponscripter/extlib/include  conftest.c >&5
configure:5987: $? = 0
configure:5994: test -z "$ac_c_werror_flag" || test ! -s conftest.err
configure:5997: $? = 0
configure:6004: test -s conftest.o
configure:6007: $? = 0
configure:6020: result: yes
configure:5960: checking for stdlib.h
configure:5981: gcc -c -I/home/haeleth/svn/ponscripter/extlib/include  -I/home/haeleth/svn/ponscripter/extlib/include  conftest.c >&5
configure:5987: $? = 0
configure:5994: test -z "$ac_c_werror_flag" || test ! -s conftest.err
configure:5997: $? = 0
configure:6004: test -s conftest.o
configure:6007: $? = 0
configure:6020: result: yes
configure:5960: checking for string.h
configure:5981: gcc -c -I/home/haeleth/svn/ponscripter/extlib/include  -I/home/haeleth/svn/ponscripter/extlib/include  conftest.c >&5
configure:5987: $? = 0
configure:5994: test -z "$ac_c_werror_flag" || test ! -s conftest.err
configure:5997: $? = 0
configure:6004: test -s conftest.o
configure:6007: $? = 0
configure:6020: result: yes
configure:5960: checking for memory.h
configure:5981: gcc -c -I/home/haeleth/svn/ponscripter/extlib/include  -I/home/haeleth/svn/ponscripter/extlib/include  conftest.c >&5
configure:5987: $? = 0
configure:5994: test -z "$ac_c_werror_flag" || test ! -s conftest.err
configure:5997: $? = 0
configure:6004: test -s conftest.o
configure:6007: $? = 0
configure:6020: result: yes
configure:5960: checking for strings.h
configure:5981: gcc -c -I/home/haeleth/svn/ponscripter/extlib/include  -I/home/haeleth/svn/ponscripter/extlib/include  conftest.c >&5
configure:5987: $? = 0
configure:5994: test -z "$ac_c_werror_flag" || test ! -s conftest.err
configure:5997: $? = 0
configure:6004: test -s conftest.o
configure:6007: $? = 0
configure:6020: result: yes
configure:5960: checking for inttypes.h
configure:5981: gcc -c -I/home/haeleth/svn/ponscripter/extlib/include  -I/home/haeleth/svn/ponscripter/extlib/include  conftest.c >&5
configure:5987: $? = 0
configure:5994: test -z "$ac_c_werror_flag" || test ! -s conftest.err
configure:5997: $? = 0
configure:6004: test -s conftest.o
configure:6007: $? = 0
configure:6020: result: yes
configure:5960: checking for stdint.h
configure:5981: gcc -c -I/home/haeleth/svn/ponscripter/extlib/include  -I/home/haeleth/svn/ponscripter/extlib/include  conftest.c >&5
configure:5987: $? = 0
configure:5994: test -z "$ac_c_werror_flag" || test ! -s conftest.err
configure:5997: $? = 0
configure:6004: test -s conftest.o
configure:6007: $? = 0
configure:6020: result: yes
configure:5960: checking for unistd.h
configure:5981: gcc -c -I/home/haeleth/svn/ponscripter/extlib/include  -I/home/haeleth/svn/ponscripter/extlib/include  conftest.c >&5
configure:5987: $? = 0
configure:5994: test -z "$ac_c_werror_flag" || test ! -s conftest.err
configure:5997: $? = 0
configure:6004: test -s conftest.o
configure:6007: $? = 0
configure:6020: result: yes
configure:6047: checking dlfcn.h usability
configure:6064: gcc -c -I/home/haeleth/svn/ponscripter/extlib/include  -I/home/haeleth/svn/ponscripter/extlib/include  conftest.c >&5
configure:6070: $? = 0
configure:6077: test -z "$ac_c_werror_flag" || test ! -s conftest.err
configure:6080: $? = 0
configure:6087: test -s conftest.o
configure:6090: $? = 0
configure:6101: result: yes
configure:6105: checking dlfcn.h presence
configure:6120: gcc -E -I/home/haeleth/svn/ponscripter/extlib/include  conftest.c
configure:6126: $? = 0
configure:6147: result: yes
configure:6175: checking for dlfcn.h
configure:6183: result: yes
configure:6206: checking how to run the C++ preprocessor
configure:6242: g++ -E -I/home/haeleth/svn/ponscripter/extlib/include  conftest.cpp
configure:6248: $? = 0
configure:6286: g++ -E -I/home/haeleth/svn/ponscripter/extlib/include  conftest.cpp
conftest.cpp:21:28: error: ac_nonexistent.h: No such file or directory
configure:6292: $? = 1
configure: failed program was:
| /* confdefs.h.  */
| #define PACKAGE_NAME ""
| #define PACKAGE_TARNAME ""
| #define PACKAGE_VERSION ""
| #define PACKAGE_STRING ""
| #define PACKAGE_BUGREPORT ""
| #define PACKAGE "smpeg"
| #define VERSION "0.4.5"
| #define STDC_HEADERS 1
| #define HAVE_SYS_TYPES_H 1
| #define HAVE_SYS_STAT_H 1
| #define HAVE_STDLIB_H 1
| #define HAVE_STRING_H 1
| #define HAVE_MEMORY_H 1
| #define HAVE_STRINGS_H 1
| #define HAVE_INTTYPES_H 1
| #define HAVE_STDINT_H 1
| #define HAVE_UNISTD_H 1
| #define HAVE_DLFCN_H 1
| /* end confdefs.h.  */
| #include <ac_nonexistent.h>
configure:6332: result: g++ -E
configure:6361: g++ -E -I/home/haeleth/svn/ponscripter/extlib/include  conftest.cpp
configure:6367: $? = 0
configure:6405: g++ -E -I/home/haeleth/svn/ponscripter/extlib/include  conftest.cpp
conftest.cpp:21:28: error: ac_nonexistent.h: No such file or directory
configure:6411: $? = 1
configure: failed program was:
| /* confdefs.h.  */
| #define PACKAGE_NAME ""
| #define PACKAGE_TARNAME ""
| #define PACKAGE_VERSION ""
| #define PACKAGE_STRING ""
| #define PACKAGE_BUGREPORT ""
| #define PACKAGE "smpeg"
| #define VERSION "0.4.5"
| #define STDC_HEADERS 1
| #define HAVE_SYS_TYPES_H 1
| #define HAVE_SYS_STAT_H 1
| #define HAVE_STDLIB_H 1
| #define HAVE_STRING_H 1
| #define HAVE_MEMORY_H 1
| #define HAVE_STRINGS_H 1
| #define HAVE_INTTYPES_H 1
| #define HAVE_STDINT_H 1
| #define HAVE_UNISTD_H 1
| #define HAVE_DLFCN_H 1
| /* end confdefs.h.  */
| #include <ac_nonexistent.h>
configure:6511: checking for g77
configure:6541: result: no
configure:6511: checking for f77
configure:6541: result: no
configure:6511: checking for xlf
configure:6541: result: no
configure:6511: checking for frt
configure:6541: result: no
configure:6511: checking for pgf77
configure:6541: result: no
configure:6511: checking for cf77
configure:6541: result: no
configure:6511: checking for fort77
configure:6541: result: no
configure:6511: checking for fl32
configure:6541: result: no
configure:6511: checking for af77
configure:6541: result: no
configure:6511: checking for f90
configure:6541: result: no
configure:6511: checking for xlf90
configure:6541: result: no
configure:6511: checking for pgf90
configure:6541: result: no
configure:6511: checking for pghpf
configure:6541: result: no
configure:6511: checking for epcf90
configure:6541: result: no
configure:6511: checking for gfortran
configure:6541: result: no
configure:6511: checking for g95
configure:6541: result: no
configure:6511: checking for f95
configure:6541: result: no
configure:6511: checking for fort
configure:6541: result: no
configure:6511: checking for xlf95
configure:6541: result: no
configure:6511: checking for ifort
configure:6541: result: no
configure:6511: checking for ifc
configure:6541: result: no
configure:6511: checking for efc
configure:6541: result: no
configure:6511: checking for pgf95
configure:6541: result: no
configure:6511: checking for lf95
configure:6541: result: no
configure:6511: checking for ftn
configure:6541: result: no
configure:6568: checking for Fortran 77 compiler version
configure:6575:  --version >&5
./configure: line 6576: --version: command not found
configure:6578: $? = 127
configure:6585:  -v >&5
./configure: line 6586: -v: command not found
configure:6588: $? = 127
configure:6595:  -V >&5
./configure: line 6596: -V: command not found
configure:6598: $? = 127
configure:6606: checking whether we are using the GNU Fortran 77 compiler
configure:6625:  -c  conftest.F >&5
./configure: line 6626: -c: command not found
configure:6631: $? = 127
configure: failed program was:
|       program main
| #ifndef __GNUC__
|        choke me
| #endif
| 
|       end
configure:6665: result: no
configure:6671: checking whether  accepts -g
configure:6688:  -c -g conftest.f >&5
./configure: line 6689: -c: command not found
configure:6694: $? = 127
configure: failed program was:
|       program main
| 
|       end
configure:6727: result: no
configure:6757: checking the maximum length of command line arguments
configure:6872: result: 32768
configure:6883: checking command to parse /usr/bin/nm -B output from gcc object
configure:6988: gcc -c -I/home/haeleth/svn/ponscripter/extlib/include  -I/home/haeleth/svn/ponscripter/extlib/include  conftest.c >&5
configure:6991: $? = 0
configure:6995: /usr/bin/nm -B conftest.o \| sed -n -e 's/^.*[ 	]\([ABCDGIRSTW][ABCDGIRSTW]*\)[ 	][ 	]*\([_A-Za-z][_A-Za-z0-9]*\)$/\1 \2 \2/p' \> conftest.nm
configure:6998: $? = 0
configure:7050: gcc -o conftest -I/home/haeleth/svn/ponscripter/extlib/include  -I/home/haeleth/svn/ponscripter/extlib/include  -L/home/haeleth/svn/ponscripter/extlib/lib  conftest.c conftstm.o >&5
configure:7053: $? = 0
configure:7091: result: ok
configure:7095: checking for objdir
configure:7110: result: .libs
configure:7202: checking for ar
configure:7218: found /usr/bin/ar
configure:7229: result: ar
configure:7298: checking for ranlib
configure:7314: found /usr/bin/ranlib
configure:7325: result: ranlib
configure:7394: checking for strip
configure:7410: found /usr/bin/strip
configure:7421: result: strip
configure:7711: checking if gcc supports -fno-rtti -fno-exceptions
configure:7729: gcc -c -I/home/haeleth/svn/ponscripter/extlib/include  -I/home/haeleth/svn/ponscripter/extlib/include  -fno-rtti -fno-exceptions conftest.c >&5
cc1: warning: command line option "-fno-rtti" is valid for C++/ObjC++ but not for C
configure:7733: $? = 0
configure:7746: result: no
configure:7761: checking for gcc option to produce PIC
configure:7971: result: -fPIC
configure:7979: checking if gcc PIC flag -fPIC works
configure:7997: gcc -c -I/home/haeleth/svn/ponscripter/extlib/include  -I/home/haeleth/svn/ponscripter/extlib/include  -fPIC -DPIC conftest.c >&5
configure:8001: $? = 0
configure:8014: result: yes
configure:8042: checking if gcc static flag -static works
configure:8070: result: yes
configure:8080: checking if gcc supports -c -o file.o
configure:8101: gcc -c -I/home/haeleth/svn/ponscripter/extlib/include  -I/home/haeleth/svn/ponscripter/extlib/include  -o out/conftest2.o conftest.c >&5
configure:8105: $? = 0
configure:8127: result: yes
configure:8153: checking whether the gcc linker (/usr/bin/ld) supports shared libraries
configure:9139: result: yes
configure:9206: checking dynamic linker characteristics
configure:9796: result: GNU/Linux ld.so
configure:9805: checking how to hardcode library paths into programs
configure:9830: result: immediate
configure:9844: checking whether stripping libraries is possible
configure:9849: result: yes
configure:10762: checking if libtool supports shared libraries
configure:10764: result: yes
configure:10767: checking whether to build shared libraries
configure:10788: result: no
configure:10791: checking whether to build static libraries
configure:10795: result: yes
configure:10887: creating libtool
configure:11475: checking for ld used by g++
configure:11542: result: /usr/bin/ld
configure:11551: checking if the linker (/usr/bin/ld) is GNU ld
configure:11566: result: yes
configure:11617: checking whether the g++ linker (/usr/bin/ld) supports shared libraries
configure:12583: result: yes
configure:12605: g++ -c -g -O2 -I/home/haeleth/svn/ponscripter/extlib/include  conftest.cpp >&5
configure:12608: $? = 0
configure:12727: checking for g++ option to produce PIC
configure:13001: result: -fPIC
configure:13009: checking if g++ PIC flag -fPIC works
configure:13027: g++ -c -g -O2 -I/home/haeleth/svn/ponscripter/extlib/include  -fPIC -DPIC conftest.cpp >&5
configure:13031: $? = 0
configure:13044: result: yes
configure:13072: checking if g++ static flag -static works
configure:13100: result: yes
configure:13110: checking if g++ supports -c -o file.o
configure:13131: g++ -c -g -O2 -I/home/haeleth/svn/ponscripter/extlib/include  -o out/conftest2.o conftest.cpp >&5
configure:13135: $? = 0
configure:13157: result: yes
configure:13183: checking whether the g++ linker (/usr/bin/ld) supports shared libraries
configure:13208: result: yes
configure:13275: checking dynamic linker characteristics
configure:13865: result: GNU/Linux ld.so
configure:13874: checking how to hardcode library paths into programs
configure:13899: result: immediate
configure:20124: checking for a BSD-compatible install
configure:20180: result: /usr/bin/install -c
configure:20197: checking for socklen_t
configure:20224: gcc -c -I/home/haeleth/svn/ponscripter/extlib/include  -I/home/haeleth/svn/ponscripter/extlib/include  conftest.c >&5
configure:20230: $? = 0
configure:20237: test -z "$ac_c_werror_flag" || test ! -s conftest.err
configure:20240: $? = 0
configure:20247: test -s conftest.o
configure:20250: $? = 0
configure:20263: result: yes
configure:20380: checking for sdl-config
configure:20398: found /home/haeleth/svn/ponscripter/extlib/bin/sdl-config
configure:20411: result: /home/haeleth/svn/ponscripter/extlib/bin/sdl-config
configure:20420: checking for SDL - version >= 1.2.0
configure:20517: gcc -o conftest -I/home/haeleth/svn/ponscripter/extlib/include  -fexpensive-optimizations -fomit-frame-pointer -I/home/haeleth/svn/ponscripter/extlib/include/SDL -D_GNU_SOURCE=1 -D_REENTRANT -I/home/haeleth/svn/ponscripter/extlib/include  -L/home/haeleth/svn/ponscripter/extlib/lib  conftest.c  -L/home/haeleth/svn/ponscripter/extlib/lib -Wl,-rpath,/home/haeleth/svn/ponscripter/extlib/lib -lSDL -lpthread >&5
configure:20520: $? = 0
configure:20526: ./conftest
configure:20529: $? = 0
configure:20550: result: yes
configure:20666: checking for sqrt in -lm
configure:20701: gcc -o conftest -I/home/haeleth/svn/ponscripter/extlib/include  -fexpensive-optimizations -fomit-frame-pointer -I/home/haeleth/svn/ponscripter/extlib/include/SDL -D_GNU_SOURCE=1 -D_REENTRANT -I/home/haeleth/svn/ponscripter/extlib/include  -L/home/haeleth/svn/ponscripter/extlib/lib  conftest.c -lm   -L/home/haeleth/svn/ponscripter/extlib/lib -Wl,-rpath,/home/haeleth/svn/ponscripter/extlib/lib -lSDL -lpthread >&5
conftest.c:28: warning: conflicting types for built-in function 'sqrt'
configure:20707: $? = 0
configure:20714: test -z "$ac_c_werror_flag" || test ! -s conftest.err
configure:20717: $? = 0
configure:20724: test -s conftest
configure:20727: $? = 0
configure:20741: result: yes
configure:23161: checking if g++ supports -fno-rtti -fno-exceptions
configure:23191: g++ -c -fno-rtti -fno-exceptions -I/home/haeleth/svn/ponscripter/extlib/include  conftest.c >&5
configure:23197: $? = 0
configure:23204: test -z "$ac_c_werror_flag" || test ! -s conftest.err
configure:23207: $? = 0
configure:23214: test -s conftest.o
configure:23217: $? = 0
configure:23230: result: yes
configure:23408: creating ./config.status

## ---------------------- ##
## Running config.status. ##
## ---------------------- ##

This file was extended by config.status, which was
generated by GNU Autoconf 2.60a.  Invocation command line was

  CONFIG_FILES    = 
  CONFIG_HEADERS  = 
  CONFIG_LINKS    = 
  CONFIG_COMMANDS = 
  $ ./config.status 

on Cynewulf

config.status:663: creating Makefile
config.status:663: creating smpeg-config
config.status:663: creating smpeg.spec
config.status:848: executing depfiles commands

## ---------------- ##
## Cache variables. ##
## ---------------- ##

ac_cv_build=i686-pc-linux-gnu
ac_cv_c_compiler_gnu=yes
ac_cv_cxx_compiler_gnu=yes
ac_cv_env_CCC_set=
ac_cv_env_CCC_value=
ac_cv_env_CC_set=
ac_cv_env_CC_value=
ac_cv_env_CFLAGS_set=set
ac_cv_env_CFLAGS_value='-I/home/haeleth/svn/ponscripter/extlib/include '
ac_cv_env_CPPFLAGS_set=set
ac_cv_env_CPPFLAGS_value='-I/home/haeleth/svn/ponscripter/extlib/include '
ac_cv_env_CPP_set=
ac_cv_env_CPP_value=
ac_cv_env_CXXCPP_set=
ac_cv_env_CXXCPP_value=
ac_cv_env_CXXFLAGS_set=
ac_cv_env_CXXFLAGS_value=
ac_cv_env_CXX_set=
ac_cv_env_CXX_value=
ac_cv_env_F77_set=
ac_cv_env_F77_value=
ac_cv_env_FFLAGS_set=
ac_cv_env_FFLAGS_value=
ac_cv_env_LDFLAGS_set=set
ac_cv_env_LDFLAGS_value='-L/home/haeleth/svn/ponscripter/extlib/lib '
ac_cv_env_XMKMF_set=
ac_cv_env_XMKMF_value=
ac_cv_env_build_alias_set=
ac_cv_env_build_alias_value=
ac_cv_env_host_alias_set=
ac_cv_env_host_alias_value=
ac_cv_env_target_alias_set=
ac_cv_env_target_alias_value=
ac_cv_f77_compiler_gnu=no
ac_cv_header_dlfcn_h=yes
ac_cv_header_inttypes_h=yes
ac_cv_header_memory_h=yes
ac_cv_header_stdc=yes
ac_cv_header_stdint_h=yes
ac_cv_header_stdlib_h=yes
ac_cv_header_string_h=yes
ac_cv_header_strings_h=yes
ac_cv_header_sys_stat_h=yes
ac_cv_header_sys_types_h=yes
ac_cv_header_unistd_h=yes
ac_cv_host=i686-pc-linux-gnu
ac_cv_lib_m_sqrt=yes
ac_cv_objext=o
ac_cv_path_EGREP='/bin/grep -E'
ac_cv_path_GREP=/bin/grep
ac_cv_path_SDL_CONFIG=/home/haeleth/svn/ponscripter/extlib/bin/sdl-config
ac_cv_path_install='/usr/bin/install -c'
ac_cv_prog_AWK=mawk
ac_cv_prog_CPP='gcc -E'
ac_cv_prog_CXXCPP='g++ -E'
ac_cv_prog_ac_ct_AR=ar
ac_cv_prog_ac_ct_CC=gcc
ac_cv_prog_ac_ct_CXX=g++
ac_cv_prog_ac_ct_RANLIB=ranlib
ac_cv_prog_ac_ct_STRIP=strip
ac_cv_prog_cc_c89=
ac_cv_prog_cc_g=yes
ac_cv_prog_cxx_g=yes
ac_cv_prog_f77_g=no
ac_cv_prog_make_make_set=yes
ac_cv_type_socklen_t=yes
am_cv_CC_dependencies_compiler_type=gcc3
am_cv_CXX_dependencies_compiler_type=gcc3
lt_cv_deplibs_check_method=pass_all
lt_cv_file_magic_cmd='$MAGIC_CMD'
lt_cv_file_magic_test_file=
lt_cv_ld_reload_flag=-r
lt_cv_objdir=.libs
lt_cv_path_LD=/usr/bin/ld
lt_cv_path_LDCXX=/usr/bin/ld
lt_cv_path_NM='/usr/bin/nm -B'
lt_cv_path_SED=/bin/sed
lt_cv_prog_compiler_c_o=yes
lt_cv_prog_compiler_c_o_CXX=yes
lt_cv_prog_compiler_rtti_exceptions=no
lt_cv_prog_gnu_ld=yes
lt_cv_prog_gnu_ldcxx=yes
lt_cv_sys_global_symbol_pipe='sed -n -e '\''s/^.*[ 	]\([ABCDGIRSTW][ABCDGIRSTW]*\)[ 	][ 	]*\([_A-Za-z][_A-Za-z0-9]*\)$/\1 \2 \2/p'\'''
lt_cv_sys_global_symbol_to_c_name_address='sed -n -e '\''s/^: \([^ ]*\) $/  {\"\1\", (lt_ptr) 0},/p'\'' -e '\''s/^[BCDEGRST] \([^ ]*\) \([^ ]*\)$/  {"\2", (lt_ptr) \&\2},/p'\'''
lt_cv_sys_global_symbol_to_cdecl='sed -n -e '\''s/^. .* \(.*\)$/extern int \1;/p'\'''
lt_cv_sys_max_cmd_len=32768
lt_lt_cv_prog_compiler_c_o='"yes"'
lt_lt_cv_prog_compiler_c_o_CXX='"yes"'
lt_lt_cv_sys_global_symbol_pipe='"sed -n -e '\''s/^.*[ 	]\\([ABCDGIRSTW][ABCDGIRSTW]*\\)[ 	][ 	]*\\([_A-Za-z][_A-Za-z0-9]*\\)\$/\\1 \\2 \\2/p'\''"'
lt_lt_cv_sys_global_symbol_to_c_name_address='"sed -n -e '\''s/^: \\([^ ]*\\) \$/  {\\\"\\1\\\", (lt_ptr) 0},/p'\'' -e '\''s/^[BCDEGRST] \\([^ ]*\\) \\([^ ]*\\)\$/  {\"\\2\", (lt_ptr) \\&\\2},/p'\''"'
lt_lt_cv_sys_global_symbol_to_cdecl='"sed -n -e '\''s/^. .* \\(.*\\)\$/extern int \\1;/p'\''"'

## ----------------- ##
## Output variables. ##
## ----------------- ##

ACLOCAL='${SHELL} /home/haeleth/svn/ponscripter/extlib/src/smpeg/missing --run aclocal-1.9'
AMDEPBACKSLASH='\'
AMDEP_FALSE='#'
AMDEP_TRUE=''
AMTAR='${SHELL} /home/haeleth/svn/ponscripter/extlib/src/smpeg/missing --run tar'
AR='ar'
AS='gcc'
ASFLAGS=''
AUTOCONF='${SHELL} /home/haeleth/svn/ponscripter/extlib/src/smpeg/missing --run autoconf'
AUTOHEADER='${SHELL} /home/haeleth/svn/ponscripter/extlib/src/smpeg/missing --run autoheader'
AUTOMAKE='${SHELL} /home/haeleth/svn/ponscripter/extlib/src/smpeg/missing --run automake-1.9'
AWK='mawk'
BINARY_AGE='5'
CC='gcc'
CCAS='gcc'
CCASFLAGS=''
CCDEPMODE='depmode=gcc3'
CFLAGS='-I/home/haeleth/svn/ponscripter/extlib/include  -fexpensive-optimizations -fomit-frame-pointer -I/home/haeleth/svn/ponscripter/extlib/include/SDL -D_GNU_SOURCE=1 -D_REENTRANT -DTHREADED_AUDIO -DNDEBUG -I.. -DNOCONTROLS -I$(top_srcdir) -I$(top_srcdir)/audio -I$(top_srcdir)/video'
CPP='gcc -E'
CPPFLAGS='-I/home/haeleth/svn/ponscripter/extlib/include '
CXX='g++'
CXXCPP='g++ -E'
CXXDEPMODE='depmode=gcc3'
CXXFLAGS='-I/home/haeleth/svn/ponscripter/extlib/include  -fexpensive-optimizations -fomit-frame-pointer -I/home/haeleth/svn/ponscripter/extlib/include/SDL -D_GNU_SOURCE=1 -D_REENTRANT -DTHREADED_AUDIO -DNDEBUG -I.. -DNOCONTROLS -I$(top_srcdir) -I$(top_srcdir)/audio -I$(top_srcdir)/video -fno-exceptions -fno-rtti'
CYGPATH_W='echo'
DEFS='-DPACKAGE_NAME=\"\" -DPACKAGE_TARNAME=\"\" -DPACKAGE_VERSION=\"\" -DPACKAGE_STRING=\"\" -DPACKAGE_BUGREPORT=\"\" -DPACKAGE=\"smpeg\" -DVERSION=\"0.4.5\" -DSTDC_HEADERS=1 -DHAVE_SYS_TYPES_H=1 -DHAVE_SYS_STAT_H=1 -DHAVE_STDLIB_H=1 -DHAVE_STRING_H=1 -DHAVE_MEMORY_H=1 -DHAVE_STRINGS_H=1 -DHAVE_INTTYPES_H=1 -DHAVE_STDINT_H=1 -DHAVE_UNISTD_H=1 -DHAVE_DLFCN_H=1'
DEPDIR='.deps'
DLLTOOL='dlltool'
ECHO='echo'
ECHO_C=''
ECHO_N='-n'
ECHO_T=''
EGREP='/bin/grep -E'
EXEEXT=''
F77=''
FFLAGS=''
GL_LIBS=''
GREP='/bin/grep'
GTK_CFLAGS=''
GTK_CONFIG=''
GTK_LIBS=''
HAVE_GTK_FALSE=''
HAVE_GTK_TRUE='#'
HAVE_OPENGL_FALSE=''
HAVE_OPENGL_TRUE='#'
INSTALL_DATA='${INSTALL} -m 644'
INSTALL_PROGRAM='${INSTALL}'
INSTALL_SCRIPT='${INSTALL}'
INSTALL_STRIP_PROGRAM='${SHELL} $(install_sh) -c -s'
INTERFACE_AGE='4'
LDFLAGS='-L/home/haeleth/svn/ponscripter/extlib/lib '
LIBOBJS=''
LIBS=' -L/home/haeleth/svn/ponscripter/extlib/lib -Wl,-rpath,/home/haeleth/svn/ponscripter/extlib/lib -lSDL -lpthread -lm'
LIBTOOL='$(SHELL) $(top_builddir)/libtool'
LN_S='ln -s'
LTLIBOBJS=''
LT_AGE='1'
LT_CURRENT='1'
LT_RELEASE='0.4'
LT_REVISION='4'
MAJOR_VERSION='0'
MAKEINFO='${SHELL} /home/haeleth/svn/ponscripter/extlib/src/smpeg/missing --run makeinfo'
MICRO_VERSION='5'
MINOR_VERSION='4'
OBJDUMP='objdump'
OBJEXT='o'
PACKAGE='smpeg'
PACKAGE_BUGREPORT=''
PACKAGE_NAME=''
PACKAGE_STRING=''
PACKAGE_TARNAME=''
PACKAGE_VERSION=''
PATH_SEPARATOR=':'
RANLIB='ranlib'
SDL_CFLAGS='-I/home/haeleth/svn/ponscripter/extlib/include/SDL -D_GNU_SOURCE=1 -D_REENTRANT'
SDL_CONFIG='/home/haeleth/svn/ponscripter/extlib/bin/sdl-config'
SDL_LIBS='-L/home/haeleth/svn/ponscripter/extlib/lib -Wl,-rpath,/home/haeleth/svn/ponscripter/extlib/lib -lSDL -lpthread'
SET_MAKE=''
SHELL='/bin/bash'
SMPEG_RLD_FLAGS=''
STRIP='strip'
VERSION='0.4.5'
XMKMF=''
X_CFLAGS=''
X_EXTRA_LIBS=''
X_LIBS=''
X_PRE_LIBS=''
ac_ct_CC='gcc'
ac_ct_CXX='g++'
ac_ct_F77=''
am__fastdepCC_FALSE='#'
am__fastdepCC_TRUE=''
am__fastdepCXX_FALSE='#'
am__fastdepCXX_TRUE=''
am__include='include'
am__leading_dot='.'
am__quote=''
am__tar='${AMTAR} chof - "$$tardir"'
am__untar='${AMTAR} xf -'
bindir='${exec_prefix}/bin'
build='i686-pc-linux-gnu'
build_alias=''
build_cpu='i686'
build_os='linux-gnu'
build_vendor='pc'
datadir='${datarootdir}'
datarootdir='${prefix}/share'
docdir='${datarootdir}/doc/${PACKAGE}'
dvidir='${docdir}'
exec_prefix='${prefix}'
host='i686-pc-linux-gnu'
host_alias=''
host_cpu='i686'
host_os='linux-gnu'
host_vendor='pc'
htmldir='${docdir}'
includedir='${prefix}/include'
infodir='${datarootdir}/info'
install_sh='/home/haeleth/svn/ponscripter/extlib/src/smpeg/install-sh'
libdir='${exec_prefix}/lib'
libexecdir='${exec_prefix}/libexec'
localedir='${datarootdir}/locale'
localstatedir='${prefix}/var'
mandir='${datarootdir}/man'
mkdir_p='mkdir -p --'
oldincludedir='/usr/include'
pdfdir='${docdir}'
prefix='/home/haeleth/svn/ponscripter/extlib'
program_transform_name='s,x,x,'
psdir='${docdir}'
sbindir='${exec_prefix}/sbin'
sharedstatedir='${prefix}/com'
sysconfdir='${prefix}/etc'
target_alias=''

## ----------- ##
## confdefs.h. ##
## ----------- ##

#define PACKAGE_NAME ""
#define PACKAGE_TARNAME ""
#define PACKAGE_VERSION ""
#define PACKAGE_STRING ""
#define PACKAGE_BUGREPORT ""
#define PACKAGE "smpeg"
#define VERSION "0.4.5"
#define STDC_HEADERS 1
#define HAVE_SYS_TYPES_H 1
#define HAVE_SYS_STAT_H 1
#define HAVE_STDLIB_H 1
#define HAVE_STRING_H 1
#define HAVE_MEMORY_H 1
#define HAVE_STRINGS_H 1
#define HAVE_INTTYPES_H 1
#define HAVE_STDINT_H 1
#define HAVE_UNISTD_H 1
#define HAVE_DLFCN_H 1

configure: exit 0
